<?xml version="1.0" encoding="UTF-8"?>
<testsuite name="evolutionSimulation.AbstractWorldMapTest" tests="4" skipped="0" failures="0" errors="0" timestamp="2021-12-28T12:49:44" hostname="DESKTOP-VR4HE0U" time="0.026">
  <properties/>
  <testcase name="objectAtTest()" classname="evolutionSimulation.AbstractWorldMapTest" time="0.019"/>
  <testcase name="isOccupiedTest()" classname="evolutionSimulation.AbstractWorldMapTest" time="0.002"/>
  <testcase name="placeAnimal()" classname="evolutionSimulation.AbstractWorldMapTest" time="0.001"/>
  <testcase name="animalSortTest()" classname="evolutionSimulation.AbstractWorldMapTest" time="0.001"/>
  <system-out><![CDATA[]]></system-out>
  <system-err><![CDATA[]]></system-err>
</testsuite>
